1563333703465	mozrunner::runner	INFO	Running command: "/usr/bin/firefox" "-marionette" "-foreground" "-no-remote" "-profile" "/tmp/rust_mozprofile.alrCdJIdft2g"
1563333704885	Marionette	INFO	Listening on port 38783
1563333704972	Marionette	WARN	TLS certificate errors will be ignored for this session
JavaScript error: https://ss1.bdstatic.com/5eN1bjq8AAUYm2zgoY3K/r/www/cache/static/protocol/https/plugins/every_cookie_4644b13.js, line 4: ReferenceError: c is not defined
*** UTM:SVC TimerManager:registerTimer called after profile-before-change notification. Ignoring timer registration for id: telemetry_modules_ping
1563334586084	mozrunner::runner	INFO	Running command: "/usr/bin/firefox" "-marionette" "-foreground" "-no-remote" "-profile" "/tmp/rust_mozprofile.DJLpX6dqPiBe"
1563334587305	Marionette	INFO	Listening on port 35543
1563334587391	Marionette	WARN	TLS certificate errors will be ignored for this session
1563334660301	mozrunner::runner	INFO	Running command: "/usr/bin/firefox" "-marionette" "-foreground" "-no-remote" "-profile" "/tmp/rust_mozprofile.ERXkAvK6tst2"
1563334661453	Marionette	INFO	Listening on port 42821
1563334661510	Marionette	WARN	TLS certificate errors will be ignored for this session
*** UTM:SVC TimerManager:registerTimer called after profile-before-change notification. Ignoring timer registration for id: telemetry_modules_ping
1563335030063	mozrunner::runner	INFO	Running command: "/usr/bin/firefox" "-marionette" "-foreground" "-no-remote" "-profile" "/tmp/rust_mozprofile.rT15FVHd8ZzX"
1563335031269	Marionette	INFO	Listening on port 33851
1563335031379	Marionette	WARN	TLS certificate errors will be ignored for this session
*** UTM:SVC TimerManager:registerTimer called after profile-before-change notification. Ignoring timer registration for id: telemetry_modules_ping
1563335078288	mozrunner::runner	INFO	Running command: "/usr/bin/firefox" "-marionette" "-foreground" "-no-remote" "-profile" "/tmp/rust_mozprofile.M6uERRaNXyb7"
1563335079543	Marionette	INFO	Listening on port 37329
1563335079599	Marionette	WARN	TLS certificate errors will be ignored for this session
*** UTM:SVC TimerManager:registerTimer called after profile-before-change notification. Ignoring timer registration for id: telemetry_modules_ping
1563335238229	mozrunner::runner	INFO	Running command: "/usr/bin/firefox" "-marionette" "-foreground" "-no-remote" "-profile" "/tmp/rust_mozprofile.m4z4iw2mmAi6"
1563335239405	Marionette	INFO	Listening on port 43593
1563335239439	Marionette	WARN	TLS certificate errors will be ignored for this session
*** UTM:SVC TimerManager:registerTimer called after profile-before-change notification. Ignoring timer registration for id: telemetry_modules_ping
1563335318131	mozrunner::runner	INFO	Running command: "/usr/bin/firefox" "-marionette" "-foreground" "-no-remote" "-profile" "/tmp/rust_mozprofile.ii0ZYajs7eBt"
1563335319292	Marionette	INFO	Listening on port 42697
1563335319345	Marionette	WARN	TLS certificate errors will be ignored for this session
*** UTM:SVC TimerManager:registerTimer called after profile-before-change notification. Ignoring timer registration for id: telemetry_modules_ping
1563335331991	mozrunner::runner	INFO	Running command: "/usr/bin/firefox" "-marionette" "-foreground" "-no-remote" "-profile" "/tmp/rust_mozprofile.RmVv1ZnThaCm"
1563335333166	Marionette	INFO	Listening on port 35277
1563335333196	Marionette	WARN	TLS certificate errors will be ignored for this session
*** UTM:SVC TimerManager:registerTimer called after profile-before-change notification. Ignoring timer registration for id: telemetry_modules_ping
1563335519422	mozrunner::runner	INFO	Running command: "/usr/bin/firefox" "-marionette" "-foreground" "-no-remote" "-profile" "/tmp/rust_mozprofile.RnF3nlu97gMS"
1563335520667	Marionette	INFO	Listening on port 37631
1563335520730	Marionette	WARN	TLS certificate errors will be ignored for this session
JavaScript warning: https://www.qichacha.com/material/theme/chacha/cms/v2/js/jquery.min.js, line 1: Using //@ to indicate sourceMappingURL pragmas is deprecated. Use //# instead

###!!! [Child][RunMessage] Error: Channel closing: too late to send/recv, messages will be lost


###!!! [Child][RunMessage] Error: Channel closing: too late to send/recv, messages will be lost

*** UTM:SVC TimerManager:registerTimer called after profile-before-change notification. Ignoring timer registration for id: telemetry_modules_ping
1563335565732	mozrunner::runner	INFO	Running command: "/usr/bin/firefox" "-marionette" "-foreground" "-no-remote" "-profile" "/tmp/rust_mozprofile.aGh1sWNL36Pq"
1563335566901	Marionette	INFO	Listening on port 35337
1563335566938	Marionette	WARN	TLS certificate errors will be ignored for this session
JavaScript warning: https://www.qichacha.com/material/theme/chacha/cms/v2/js/jquery.min.js, line 1: Using //@ to indicate sourceMappingURL pragmas is deprecated. Use //# instead
*** UTM:SVC TimerManager:registerTimer called after profile-before-change notification. Ignoring timer registration for id: telemetry_modules_ping
1563335583530	mozrunner::runner	INFO	Running command: "/usr/bin/firefox" "-marionette" "-foreground" "-no-remote" "-profile" "/tmp/rust_mozprofile.HuW75TUKcz3d"
1563335584693	Marionette	INFO	Listening on port 34307
1563335584741	Marionette	WARN	TLS certificate errors will be ignored for this session
JavaScript warning: https://www.qichacha.com/material/theme/chacha/cms/v2/js/jquery.min.js, line 1: Using //@ to indicate sourceMappingURL pragmas is deprecated. Use //# instead
JavaScript warning: https://www.qichacha.com/material/theme/chacha/cms/v2/js/jquery.min.js, line 1: Using //@ to indicate sourceMappingURL pragmas is deprecated. Use //# instead

(/usr/lib/firefox/firefox:8157): dconf-WARNING **: 11:53:15.902: Unable to open /var/lib/snapd/desktop/dconf/profile/user: Permission denied
[Parent 8091, Gecko_IOThread] WARNING: pipe error (38): Connection reset by peer: file /build/firefox-lojCEZ/firefox-60.0.1+build2/ipc/chromium/src/chrome/common/ipc_channel_posix.cc, line 353
*** UTM:SVC TimerManager:registerTimer called after profile-before-change notification. Ignoring timer registration for id: telemetry_modules_ping
1563335691170	mozrunner::runner	INFO	Running command: "/usr/bin/firefox" "-marionette" "-foreground" "-no-remote" "-profile" "/tmp/rust_mozprofile.A30LEhuaQgQg"
1563335692532	Marionette	INFO	Listening on port 46837
1563335692582	Marionette	WARN	TLS certificate errors will be ignored for this session
JavaScript warning: https://www.qichacha.com/material/theme/chacha/cms/v2/js/jquery.min.js, line 1: Using //@ to indicate sourceMappingURL pragmas is deprecated. Use //# instead

###!!! [Child][RunMessage] Error: Channel closing: too late to send/recv, messages will be lost


###!!! [Child][RunMessage] Error: Channel closing: too late to send/recv, messages will be lost


###!!! [Child][RunMessage] Error: Channel closing: too late to send/recv, messages will be lost


###!!! [Child][RunMessage] Error: Channel closing: too late to send/recv, messages will be lost


###!!! [Child][RunMessage] Error: Channel closing: too late to send/recv, messages will be lost

[Parent 8339, Gecko_IOThread] WARNING: pipe error (101): Connection reset by peer: file /build/firefox-lojCEZ/firefox-60.0.1+build2/ipc/chromium/src/chrome/common/ipc_channel_posix.cc, line 353
*** UTM:SVC TimerManager:registerTimer called after profile-before-change notification. Ignoring timer registration for id: telemetry_modules_ping
1563335817538	mozrunner::runner	INFO	Running command: "/usr/bin/firefox" "-marionette" "-foreground" "-no-remote" "-profile" "/tmp/rust_mozprofile.cQ7NWlwsnOCv"
1563335818676	Marionette	INFO	Listening on port 35187
1563335818753	Marionette	WARN	TLS certificate errors will be ignored for this session
*** UTM:SVC TimerManager:registerTimer called after profile-before-change notification. Ignoring timer registration for id: telemetry_modules_ping
1563335845153	mozrunner::runner	INFO	Running command: "/usr/bin/firefox" "-marionette" "-foreground" "-no-remote" "-profile" "/tmp/rust_mozprofile.1NneTlWebXxO"
1563335846391	Marionette	INFO	Listening on port 33483
1563335846459	Marionette	WARN	TLS certificate errors will be ignored for this session
*** UTM:SVC TimerManager:registerTimer called after profile-before-change notification. Ignoring timer registration for id: telemetry_modules_ping
1563335862603	mozrunner::runner	INFO	Running command: "/usr/bin/firefox" "-marionette" "-foreground" "-no-remote" "-profile" "/tmp/rust_mozprofile.i4a4s8Ez5Gjr"
1563335863783	Marionette	INFO	Listening on port 38251
1563335863811	Marionette	WARN	TLS certificate errors will be ignored for this session
*** UTM:SVC TimerManager:registerTimer called after profile-before-change notification. Ignoring timer registration for id: telemetry_modules_ping
1563336016127	mozrunner::runner	INFO	Running command: "/usr/bin/firefox" "-marionette" "-foreground" "-no-remote" "-profile" "/tmp/rust_mozprofile.zY2eFKNZAfJ4"
1563336017319	Marionette	INFO	Listening on port 36799
1563336017331	Marionette	WARN	TLS certificate errors will be ignored for this session
*** UTM:SVC TimerManager:registerTimer called after profile-before-change notification. Ignoring timer registration for id: telemetry_modules_ping
1563336224061	mozrunner::runner	INFO	Running command: "/usr/bin/firefox" "-marionette" "-foreground" "-no-remote" "-profile" "/tmp/rust_mozprofile.8fK4eKV2y6HZ"
1563336225427	Marionette	INFO	Listening on port 45947
1563336225472	Marionette	WARN	TLS certificate errors will be ignored for this session
JavaScript warning: https://www.qichacha.com/material/theme/chacha/cms/v2/js/jquery.min.js, line 1: Using //@ to indicate sourceMappingURL pragmas is deprecated. Use //# instead
JavaScript warning: https://www.qichacha.com/material/theme/chacha/cms/v2/js/jquery.min.js, line 1: Using //@ to indicate sourceMappingURL pragmas is deprecated. Use //# instead
JavaScript warning: https://www.qichacha.com/material/theme/chacha/cms/v2/js/jquery.min.js, line 1: Using //@ to indicate sourceMappingURL pragmas is deprecated. Use //# instead
*** UTM:SVC TimerManager:registerTimer called after profile-before-change notification. Ignoring timer registration for id: telemetry_modules_ping
1563336323687	mozrunner::runner	INFO	Running command: "/usr/bin/firefox" "-marionette" "-foreground" "-no-remote" "-profile" "/tmp/rust_mozprofile.hUuUjEsUYJB0"
1563336324982	Marionette	INFO	Listening on port 40569
1563336324992	Marionette	WARN	TLS certificate errors will be ignored for this session
JavaScript warning: https://www.qichacha.com/material/theme/chacha/cms/v2/js/jquery.min.js, line 1: Using //@ to indicate sourceMappingURL pragmas is deprecated. Use //# instead
JavaScript warning: https://www.qichacha.com/material/theme/chacha/cms/v2/js/jquery.min.js, line 1: Using //@ to indicate sourceMappingURL pragmas is deprecated. Use //# instead
JavaScript warning: https://www.qichacha.com/material/theme/chacha/cms/v2/js/jquery.min.js, line 1: Using //@ to indicate sourceMappingURL pragmas is deprecated. Use //# instead

###!!! [Child][RunMessage] Error: Channel closing: too late to send/recv, messages will be lost

*** UTM:SVC TimerManager:registerTimer called after profile-before-change notification. Ignoring timer registration for id: telemetry_modules_ping
1563336439996	mozrunner::runner	INFO	Running command: "/usr/bin/firefox" "-marionette" "-foreground" "-no-remote" "-profile" "/tmp/rust_mozprofile.XGbjmRWAJkR2"
1563336441306	Marionette	INFO	Listening on port 39655
1563336441404	Marionette	WARN	TLS certificate errors will be ignored for this session
JavaScript warning: https://www.qichacha.com/material/theme/chacha/cms/v2/js/jquery.min.js, line 1: Using //@ to indicate sourceMappingURL pragmas is deprecated. Use //# instead
1563336493506	mozrunner::runner	INFO	Running command: "/usr/bin/firefox" "-marionette" "-foreground" "-no-remote" "-profile" "/tmp/rust_mozprofile.wWIzmQR8eJtN"
1563336494679	Marionette	INFO	Listening on port 33285
1563336494714	Marionette	WARN	TLS certificate errors will be ignored for this session
JavaScript warning: https://www.qichacha.com/material/theme/chacha/cms/v2/js/jquery.min.js, line 1: Using //@ to indicate sourceMappingURL pragmas is deprecated. Use //# instead
JavaScript warning: https://www.qichacha.com/material/theme/chacha/cms/v2/js/jquery.min.js, line 1: Using //@ to indicate sourceMappingURL pragmas is deprecated. Use //# instead
JavaScript warning: https://www.qichacha.com/material/theme/chacha/cms/v2/js/jquery.min.js, line 1: Using //@ to indicate sourceMappingURL pragmas is deprecated. Use //# instead
JavaScript warning: https://www.qichacha.com/material/theme/chacha/cms/v2/js/jquery.min.js, line 1: Using //@ to indicate sourceMappingURL pragmas is deprecated. Use //# instead

###!!! [Child][RunMessage] Error: Channel closing: too late to send/recv, messages will be lost

*** UTM:SVC TimerManager:registerTimer called after profile-before-change notification. Ignoring timer registration for id: telemetry_modules_ping

(/usr/lib/firefox/firefox:9905): dconf-WARNING **: 12:08:57.459: Unable to open /var/lib/snapd/desktop/dconf/profile/user: Permission denied
WebGL(0x7fa5a0f8a800)::ForceLoseContext
WebGL(0x7fa58586f800)::ForceLoseContext
WebGL(0x7fa582c77800)::ForceLoseContext
WebGL(0x7fa582c7d800)::ForceLoseContext
WebGL(0x7fa582c71000)::ForceLoseContext
WebGL(0x7fa582c79800)::ForceLoseContext
JavaScript warning: https://www.qichacha.com/material/theme/chacha/cms/v2/js/jquery.min.js, line 1: Using //@ to indicate sourceMappingURL pragmas is deprecated. Use //# instead
WebGL(0x7fa586940000)::ForceLoseContext
WebGL(0x7fa582c73000)::ForceLoseContext
WebGL(0x7fa582c7e000)::ForceLoseContext
JavaScript warning: https://www.qichacha.com/material/theme/chacha/cms/v2/js/jquery.min.js, line 1: Using //@ to indicate sourceMappingURL pragmas is deprecated. Use //# instead
JavaScript warning: https://www.qichacha.com/material/theme/chacha/cms/v2/js/jquery.min.js, line 1: Using //@ to indicate sourceMappingURL pragmas is deprecated. Use //# instead
JavaScript warning: https://www.qichacha.com/material/theme/chacha/cms/v2/js/jquery.min.js, line 1: Using //@ to indicate sourceMappingURL pragmas is deprecated. Use //# instead
JavaScript warning: https://www.qichacha.com/material/plugins/tupu/tupu-person.js?time=1563336714, line 1188: unreachable code after return statement
JavaScript warning: https://www.qichacha.com/material/plugins/tupu/tupu-person.js?time=1563336714, line 1188: unreachable code after return statement
1563342738465	mozrunner::runner	INFO	Running command: "/usr/bin/firefox" "-marionette" "-foreground" "-no-remote" "-profile" "/tmp/rust_mozprofile.xNw9YxBrmvBK"
1563342739680	Marionette	INFO	Listening on port 43991
1563342739775	Marionette	WARN	TLS certificate errors will be ignored for this session
JavaScript warning: https://www.qichacha.com/material/theme/chacha/cms/v2/js/jquery.min.js, line 1: Using //@ to indicate sourceMappingURL pragmas is deprecated. Use //# instead

(/usr/lib/firefox/firefox:11885): dconf-WARNING **: 13:52:44.062: Unable to open /var/lib/snapd/desktop/dconf/profile/user: Permission denied
WebGL(0x7ff1865ba800)::ForceLoseContext
JavaScript warning: https://www.qichacha.com/material/theme/chacha/cms/v2/js/jquery.min.js, line 1: Using //@ to indicate sourceMappingURL pragmas is deprecated. Use //# instead
JavaScript warning: https://www.qichacha.com/material/theme/chacha/cms/v2/js/jquery.min.js, line 1: Using //@ to indicate sourceMappingURL pragmas is deprecated. Use //# instead
JavaScript warning: https://www.qichacha.com/material/theme/chacha/cms/v2/js/jquery.min.js, line 1: Using //@ to indicate sourceMappingURL pragmas is deprecated. Use //# instead
1563343037691	mozrunner::runner	INFO	Running command: "/usr/bin/firefox" "-marionette" "-foreground" "-no-remote" "-profile" "/tmp/rust_mozprofile.LjXHOCNhp8Xe"
1563343038858	Marionette	INFO	Listening on port 36775
1563343038906	Marionette	WARN	TLS certificate errors will be ignored for this session
JavaScript warning: https://www.qichacha.com/material/theme/chacha/cms/v2/js/jquery.min.js, line 1: Using //@ to indicate sourceMappingURL pragmas is deprecated. Use //# instead
IPDL protocol error: Handler returned error code!

###!!! [Parent][DispatchAsyncMessage] Error: PLayerTransaction::Msg_ReleaseLayer Processing error: message was deserialized, but the handler returned false (indicating failure)

IPDL protocol error: Handler returned error code!

###!!! [Parent][DispatchAsyncMessage] Error: PLayerTransaction::Msg_ReleaseLayer Processing error: message was deserialized, but the handler returned false (indicating failure)

IPDL protocol error: Handler returned error code!

###!!! [Parent][DispatchAsyncMessage] Error: PLayerTransaction::Msg_ReleaseLayer Processing error: message was deserialized, but the handler returned false (indicating failure)

IPDL protocol error: Handler returned error code!

###!!! [Parent][DispatchAsyncMessage] Error: PLayerTransaction::Msg_ReleaseLayer Processing error: message was deserialized, but the handler returned false (indicating failure)

IPDL protocol error: Handler returned error code!

###!!! [Parent][DispatchAsyncMessage] Error: PLayerTransaction::Msg_ReleaseLayer Processing error: message was deserialized, but the handler returned false (indicating failure)

IPDL protocol error: Handler returned error code!

###!!! [Parent][DispatchAsyncMessage] Error: PLayerTransaction::Msg_ReleaseLayer Processing error: message was deserialized, but the handler returned false (indicating failure)

IPDL protocol error: Handler returned error code!

###!!! [Parent][DispatchAsyncMessage] Error: PLayerTransaction::Msg_ReleaseLayer Processing error: message was deserialized, but the handler returned false (indicating failure)

IPDL protocol error: Handler returned error code!

###!!! [Parent][DispatchAsyncMessage] Error: PLayerTransaction::Msg_ReleaseLayer Processing error: message was deserialized, but the handler returned false (indicating failure)

IPDL protocol error: Handler returned error code!

###!!! [Parent][DispatchAsyncMessage] Error: PLayerTransaction::Msg_ReleaseLayer Processing error: message was deserialized, but the handler returned false (indicating failure)

IPDL protocol error: Handler returned error code!

###!!! [Parent][DispatchAsyncMessage] Error: PLayerTransaction::Msg_ReleaseLayer Processing error: message was deserialized, but the handler returned false (indicating failure)

IPDL protocol error: Handler returned error code!

###!!! [Parent][DispatchAsyncMessage] Error: PLayerTransaction::Msg_ReleaseLayer Processing error: message was deserialized, but the handler returned false (indicating failure)

IPDL protocol error: Handler returned error code!

###!!! [Parent][DispatchAsyncMessage] Error: PLayerTransaction::Msg_ReleaseLayer Processing error: message was deserialized, but the handler returned false (indicating failure)

JavaScript warning: https://www.qichacha.com/material/theme/chacha/cms/v2/js/jquery.min.js, line 1: Using //@ to indicate sourceMappingURL pragmas is deprecated. Use //# instead
JavaScript warning: https://www.qichacha.com/material/theme/chacha/cms/v2/js/jquery.min.js, line 1: Using //@ to indicate sourceMappingURL pragmas is deprecated. Use //# instead
JavaScript warning: https://www.qichacha.com/material/theme/chacha/cms/v2/js/jquery.min.js, line 1: Using //@ to indicate sourceMappingURL pragmas is deprecated. Use //# instead
JavaScript warning: https://www.qichacha.com/material/theme/chacha/cms/v2/js/jquery.min.js, line 1: Using //@ to indicate sourceMappingURL pragmas is deprecated. Use //# instead
JavaScript warning: https://www.qichacha.com/material/theme/chacha/cms/v2/js/jquery.min.js, line 1: Using //@ to indicate sourceMappingURL pragmas is deprecated. Use //# instead
JavaScript warning: https://www.qichacha.com/material/plugins/tupu/tupu-person.js?time=1563343088, line 1188: unreachable code after return statement
JavaScript warning: https://www.qichacha.com/material/plugins/tupu/tupu-person.js?time=1563343088, line 1188: unreachable code after return statement
1563343129196	mozrunner::runner	INFO	Running command: "/usr/bin/firefox" "-marionette" "-foreground" "-no-remote" "-profile" "/tmp/rust_mozprofile.ablHlL2oyd6a"
1563343130326	Marionette	INFO	Listening on port 44003
1563343130402	Marionette	WARN	TLS certificate errors will be ignored for this session
JavaScript warning: https://www.qichacha.com/material/theme/chacha/cms/v2/js/jquery.min.js, line 1: Using //@ to indicate sourceMappingURL pragmas is deprecated. Use //# instead
1563343201747	mozrunner::runner	INFO	Running command: "/usr/bin/firefox" "-marionette" "-foreground" "-no-remote" "-profile" "/tmp/rust_mozprofile.szaJr2GuywW0"
1563343202911	Marionette	INFO	Listening on port 34417
1563343202964	Marionette	WARN	TLS certificate errors will be ignored for this session
JavaScript warning: https://www.qichacha.com/material/theme/chacha/cms/v2/js/jquery.min.js, line 1: Using //@ to indicate sourceMappingURL pragmas is deprecated. Use //# instead

(/usr/lib/firefox/firefox:12714): dconf-WARNING **: 14:00:30.879: Unable to open /var/lib/snapd/desktop/dconf/profile/user: Permission denied
WebGL(0x7ffb1235f800)::ForceLoseContext
JavaScript warning: https://www.qichacha.com/material/theme/chacha/cms/v2/js/jquery.min.js, line 1: Using //@ to indicate sourceMappingURL pragmas is deprecated. Use //# instead
JavaScript warning: https://www.qichacha.com/material/theme/chacha/cms/v2/js/jquery.min.js, line 1: Using //@ to indicate sourceMappingURL pragmas is deprecated. Use //# instead
JavaScript warning: https://www.qichacha.com/material/theme/chacha/cms/v2/js/jquery.min.js, line 1: Using //@ to indicate sourceMappingURL pragmas is deprecated. Use //# instead
1563344052556	mozrunner::runner	INFO	Running command: "/usr/bin/firefox" "-marionette" "-foreground" "-no-remote" "-profile" "/tmp/rust_mozprofile.iPqyduty45lG"
1563344053688	Marionette	INFO	Listening on port 32835
1563344053764	Marionette	WARN	TLS certificate errors will be ignored for this session
JavaScript warning: https://www.qichacha.com/material/theme/chacha/cms/v2/js/jquery.min.js, line 1: Using //@ to indicate sourceMappingURL pragmas is deprecated. Use //# instead
JavaScript warning: https://www.qichacha.com/material/theme/chacha/cms/v2/js/jquery.min.js, line 1: Using //@ to indicate sourceMappingURL pragmas is deprecated. Use //# instead
1563344080151	mozrunner::runner	INFO	Running command: "/usr/bin/firefox" "-marionette" "-foreground" "-no-remote" "-profile" "/tmp/rust_mozprofile.NWqPfBPSbrX2"
1563344081346	Marionette	INFO	Listening on port 40811
1563344081357	Marionette	WARN	TLS certificate errors will be ignored for this session
JavaScript warning: https://www.qichacha.com/material/theme/chacha/cms/v2/js/jquery.min.js, line 1: Using //@ to indicate sourceMappingURL pragmas is deprecated. Use //# instead
JavaScript warning: https://www.qichacha.com/material/theme/chacha/cms/v2/js/jquery.min.js, line 1: Using //@ to indicate sourceMappingURL pragmas is deprecated. Use //# instead

(/usr/lib/firefox/firefox:13408): dconf-WARNING **: 14:15:08.241: Unable to open /var/lib/snapd/desktop/dconf/profile/user: Permission denied
WebGL(0x7ff4bfc5f800)::ForceLoseContext
JavaScript warning: https://www.qichacha.com/material/theme/chacha/cms/v2/js/jquery.min.js, line 1: Using //@ to indicate sourceMappingURL pragmas is deprecated. Use //# instead
JavaScript warning: https://www.qichacha.com/material/theme/chacha/cms/v2/js/jquery.min.js, line 1: Using //@ to indicate sourceMappingURL pragmas is deprecated. Use //# instead
JavaScript warning: https://www.qichacha.com/material/theme/chacha/cms/v2/js/jquery.min.js, line 1: Using //@ to indicate sourceMappingURL pragmas is deprecated. Use //# instead
1563344205158	mozrunner::runner	INFO	Running command: "/usr/bin/firefox" "-marionette" "-foreground" "-no-remote" "-profile" "/tmp/rust_mozprofile.qWkkdK7AFqpK"
1563344206313	Marionette	INFO	Listening on port 43265
1563344206367	Marionette	WARN	TLS certificate errors will be ignored for this session
JavaScript warning: https://www.qichacha.com/material/theme/chacha/cms/v2/js/jquery.min.js, line 1: Using //@ to indicate sourceMappingURL pragmas is deprecated. Use //# instead
JavaScript warning: https://www.qichacha.com/material/theme/chacha/cms/v2/js/jquery.min.js, line 1: Using //@ to indicate sourceMappingURL pragmas is deprecated. Use //# instead
JavaScript warning: https://www.qichacha.com/material/theme/chacha/cms/v2/js/jquery.min.js, line 1: Using //@ to indicate sourceMappingURL pragmas is deprecated. Use //# instead
JavaScript warning: https://www.qichacha.com/material/theme/chacha/cms/v2/js/jquery.min.js, line 1: Using //@ to indicate sourceMappingURL pragmas is deprecated. Use //# instead
JavaScript warning: https://www.qichacha.com/material/theme/chacha/cms/v2/js/jquery.min.js, line 1: Using //@ to indicate sourceMappingURL pragmas is deprecated. Use //# instead
JavaScript warning: https://www.qichacha.com/material/plugins/tupu/tupu-person.js?time=1563344232, line 1188: unreachable code after return statement
JavaScript warning: https://www.qichacha.com/material/plugins/tupu/tupu-person.js?time=1563344232, line 1188: unreachable code after return statement
IPDL protocol error: Handler returned error code!

###!!! [Parent][DispatchAsyncMessage] Error: PLayerTransaction::Msg_ReleaseLayer Processing error: message was deserialized, but the handler returned false (indicating failure)

IPDL protocol error: Handler returned error code!

###!!! [Parent][DispatchAsyncMessage] Error: PLayerTransaction::Msg_ReleaseLayer Processing error: message was deserialized, but the handler returned false (indicating failure)

IPDL protocol error: Handler returned error code!

###!!! [Parent][DispatchAsyncMessage] Error: PLayerTransaction::Msg_ReleaseLayer Processing error: message was deserialized, but the handler returned false (indicating failure)

IPDL protocol error: Handler returned error code!

###!!! [Parent][DispatchAsyncMessage] Error: PLayerTransaction::Msg_ReleaseLayer Processing error: message was deserialized, but the handler returned false (indicating failure)

IPDL protocol error: Handler returned error code!

###!!! [Parent][DispatchAsyncMessage] Error: PLayerTransaction::Msg_ReleaseLayer Processing error: message was deserialized, but the handler returned false (indicating failure)

IPDL protocol error: Handler returned error code!

###!!! [Parent][DispatchAsyncMessage] Error: PLayerTransaction::Msg_ReleaseLayer Processing error: message was deserialized, but the handler returned false (indicating failure)

IPDL protocol error: Handler returned error code!

###!!! [Parent][DispatchAsyncMessage] Error: PLayerTransaction::Msg_ReleaseLayer Processing error: message was deserialized, but the handler returned false (indicating failure)

IPDL protocol error: Handler returned error code!

###!!! [Parent][DispatchAsyncMessage] Error: PLayerTransaction::Msg_ReleaseLayer Processing error: message was deserialized, but the handler returned false (indicating failure)

IPDL protocol error: Handler returned error code!

###!!! [Parent][DispatchAsyncMessage] Error: PLayerTransaction::Msg_ReleaseLayer Processing error: message was deserialized, but the handler returned false (indicating failure)

IPDL protocol error: Handler returned error code!

###!!! [Parent][DispatchAsyncMessage] Error: PLayerTransaction::Msg_ReleaseLayer Processing error: message was deserialized, but the handler returned false (indicating failure)

IPDL protocol error: Handler returned error code!

###!!! [Parent][DispatchAsyncMessage] Error: PLayerTransaction::Msg_ReleaseLayer Processing error: message was deserialized, but the handler returned false (indicating failure)

IPDL protocol error: Handler returned error code!

###!!! [Parent][DispatchAsyncMessage] Error: PLayerTransaction::Msg_ReleaseLayer Processing error: message was deserialized, but the handler returned false (indicating failure)

IPDL protocol error: Handler returned error code!

###!!! [Parent][DispatchAsyncMessage] Error: PLayerTransaction::Msg_ReleaseLayer Processing error: message was deserialized, but the handler returned false (indicating failure)

IPDL protocol error: Handler returned error code!

###!!! [Parent][DispatchAsyncMessage] Error: PLayerTransaction::Msg_ReleaseLayer Processing error: message was deserialized, but the handler returned false (indicating failure)


###!!! [Child][RunMessage] Error: Channel closing: too late to send/recv, messages will be lost

1563346173780	mozrunner::runner	INFO	Running command: "/usr/bin/firefox" "-marionette" "-foreground" "-no-remote" "-profile" "/tmp/rust_mozprofile.jAGv5zbxdUvJ"
1563346175033	Marionette	INFO	Listening on port 39049
1563346175085	Marionette	WARN	TLS certificate errors will be ignored for this session
JavaScript warning: https://www.qichacha.com/material/theme/chacha/cms/v2/js/jquery.min.js, line 1: Using //@ to indicate sourceMappingURL pragmas is deprecated. Use //# instead
JavaScript warning: https://www.qichacha.com/material/theme/chacha/cms/v2/js/jquery.min.js, line 1: Using //@ to indicate sourceMappingURL pragmas is deprecated. Use //# instead
JavaScript warning: https://www.qichacha.com/material/theme/chacha/cms/v2/js/jquery.min.js, line 1: Using //@ to indicate sourceMappingURL pragmas is deprecated. Use //# instead
JavaScript warning: https://www.qichacha.com/material/theme/chacha/cms/v2/js/jquery.min.js, line 1: Using //@ to indicate sourceMappingURL pragmas is deprecated. Use //# instead
1563346236033	mozrunner::runner	INFO	Running command: "/usr/bin/firefox" "-marionette" "-foreground" "-no-remote" "-profile" "/tmp/rust_mozprofile.TWRlJOtjhQ6a"
1563346237207	Marionette	INFO	Listening on port 45037
1563346237246	Marionette	WARN	TLS certificate errors will be ignored for this session
JavaScript warning: https://www.qichacha.com/material/theme/chacha/cms/v2/js/jquery.min.js, line 1: Using //@ to indicate sourceMappingURL pragmas is deprecated. Use //# instead
JavaScript warning: https://www.qichacha.com/material/theme/chacha/cms/v2/js/jquery.min.js, line 1: Using //@ to indicate sourceMappingURL pragmas is deprecated. Use //# instead
JavaScript warning: https://www.qichacha.com/material/theme/chacha/cms/v2/js/jquery.min.js, line 1: Using //@ to indicate sourceMappingURL pragmas is deprecated. Use //# instead
JavaScript warning: https://www.qichacha.com/material/theme/chacha/cms/v2/js/jquery.min.js, line 1: Using //@ to indicate sourceMappingURL pragmas is deprecated. Use //# instead
JavaScript warning: https://www.qichacha.com/material/theme/chacha/cms/v2/js/jquery.min.js, line 1: Using //@ to indicate sourceMappingURL pragmas is deprecated. Use //# instead
JavaScript warning: https://www.qichacha.com/material/plugins/tupu/tupu-person.js?time=1563346307, line 1188: unreachable code after return statement
JavaScript warning: https://www.qichacha.com/material/plugins/tupu/tupu-person.js?time=1563346307, line 1188: unreachable code after return statement
1563346330119	mozrunner::runner	INFO	Running command: "/usr/bin/firefox" "-marionette" "-foreground" "-no-remote" "-profile" "/tmp/rust_mozprofile.z3NulSkUuPLQ"
1563346331261	Marionette	INFO	Listening on port 39299
1563346331327	Marionette	WARN	TLS certificate errors will be ignored for this session
JavaScript warning: https://www.qichacha.com/material/theme/chacha/cms/v2/js/jquery.min.js, line 1: Using //@ to indicate sourceMappingURL pragmas is deprecated. Use //# instead
JavaScript warning: https://www.qichacha.com/material/theme/chacha/cms/v2/js/jquery.min.js, line 1: Using //@ to indicate sourceMappingURL pragmas is deprecated. Use //# instead
JavaScript warning: https://www.qichacha.com/material/theme/chacha/cms/v2/js/jquery.min.js, line 1: Using //@ to indicate sourceMappingURL pragmas is deprecated. Use //# instead
JavaScript warning: https://www.qichacha.com/material/theme/chacha/cms/v2/js/jquery.min.js, line 1: Using //@ to indicate sourceMappingURL pragmas is deprecated. Use //# instead
JavaScript warning: https://www.qichacha.com/material/theme/chacha/cms/v2/js/jquery.min.js, line 1: Using //@ to indicate sourceMappingURL pragmas is deprecated. Use //# instead
JavaScript warning: https://www.qichacha.com/material/theme/chacha/cms/v2/js/jquery.min.js, line 1: Using //@ to indicate sourceMappingURL pragmas is deprecated. Use //# instead
JavaScript warning: https://www.qichacha.com/material/plugins/tupu/tupu-person.js?time=1563346362, line 1188: unreachable code after return statement
JavaScript warning: https://www.qichacha.com/material/plugins/tupu/tupu-person.js?time=1563346362, line 1188: unreachable code after return statement
1563346398183	mozrunner::runner	INFO	Running command: "/usr/bin/firefox" "-marionette" "-foreground" "-no-remote" "-profile" "/tmp/rust_mozprofile.rTpEtzkM1dgG"
1563346399332	Marionette	INFO	Listening on port 43515
1563346399393	Marionette	WARN	TLS certificate errors will be ignored for this session
JavaScript warning: https://www.qichacha.com/material/theme/chacha/cms/v2/js/jquery.min.js, line 1: Using //@ to indicate sourceMappingURL pragmas is deprecated. Use //# instead
JavaScript warning: https://www.qichacha.com/material/theme/chacha/cms/v2/js/jquery.min.js, line 1: Using //@ to indicate sourceMappingURL pragmas is deprecated. Use //# instead
JavaScript warning: https://www.qichacha.com/material/theme/chacha/cms/v2/js/jquery.min.js, line 1: Using //@ to indicate sourceMappingURL pragmas is deprecated. Use //# instead
JavaScript warning: https://www.qichacha.com/material/theme/chacha/cms/v2/js/jquery.min.js, line 1: Using //@ to indicate sourceMappingURL pragmas is deprecated. Use //# instead
JavaScript warning: https://www.qichacha.com/material/theme/chacha/cms/v2/js/jquery.min.js, line 1: Using //@ to indicate sourceMappingURL pragmas is deprecated. Use //# instead
JavaScript warning: https://www.qichacha.com/material/plugins/tupu/tupu-person.js?time=1563346417, line 1188: unreachable code after return statement
JavaScript warning: https://www.qichacha.com/material/plugins/tupu/tupu-person.js?time=1563346417, line 1188: unreachable code after return statement
1563346432168	mozrunner::runner	INFO	Running command: "/usr/bin/firefox" "-marionette" "-foreground" "-no-remote" "-profile" "/tmp/rust_mozprofile.3JiQFIyhZNBD"
1563346433356	Marionette	INFO	Listening on port 40615
1563346433372	Marionette	WARN	TLS certificate errors will be ignored for this session
JavaScript warning: https://www.qichacha.com/material/theme/chacha/cms/v2/js/jquery.min.js, line 1: Using //@ to indicate sourceMappingURL pragmas is deprecated. Use //# instead
JavaScript warning: https://www.qichacha.com/material/theme/chacha/cms/v2/js/jquery.min.js, line 1: Using //@ to indicate sourceMappingURL pragmas is deprecated. Use //# instead
JavaScript warning: https://www.qichacha.com/material/theme/chacha/cms/v2/js/jquery.min.js, line 1: Using //@ to indicate sourceMappingURL pragmas is deprecated. Use //# instead
JavaScript warning: https://www.qichacha.com/material/theme/chacha/cms/v2/js/jquery.min.js, line 1: Using //@ to indicate sourceMappingURL pragmas is deprecated. Use //# instead
JavaScript warning: https://www.qichacha.com/material/theme/chacha/cms/v2/js/jquery.min.js, line 1: Using //@ to indicate sourceMappingURL pragmas is deprecated. Use //# instead
JavaScript warning: https://www.qichacha.com/material/plugins/tupu/tupu-person.js?time=1563346459, line 1188: unreachable code after return statement
JavaScript warning: https://www.qichacha.com/material/plugins/tupu/tupu-person.js?time=1563346459, line 1188: unreachable code after return statement
*** UTM:SVC TimerManager:registerTimer called after profile-before-change notification. Ignoring timer registration for id: telemetry_modules_ping
1563346877104	mozrunner::runner	INFO	Running command: "/usr/bin/firefox" "-marionette" "-foreground" "-no-remote" "-profile" "/tmp/rust_mozprofile.oL46q8HcTyHM"
1563346878372	Marionette	INFO	Listening on port 41939
1563346878414	Marionette	WARN	TLS certificate errors will be ignored for this session
JavaScript warning: https://www.qichacha.com/material/theme/chacha/cms/v2/js/jquery.min.js, line 1: Using //@ to indicate sourceMappingURL pragmas is deprecated. Use //# instead
JavaScript error: https://www.qichacha.com/material/theme/chacha/cms/v2/js/jquery.min.js, line 4: NS_ERROR_NOT_INITIALIZED: 

###!!! [Child][MessageChannel] Error: (msgtype=0x540027,name=PNecko::Msg_RemoveRequestContext) Channel closing: too late to send/recv, messages will be lost


###!!! [Child][RunMessage] Error: Channel closing: too late to send/recv, messages will be lost

[Child 15861, Chrome_ChildThread] WARNING: pipe error (3): Connection reset by peer: file /build/firefox-lojCEZ/firefox-60.0.1+build2/ipc/chromium/src/chrome/common/ipc_channel_posix.cc, line 353

###!!! [Child][RunMessage] Error: Channel closing: too late to send/recv, messages will be lost


###!!! [Child][RunMessage] Error: Channel closing: too late to send/recv, messages will be lost


###!!! [Child][RunMessage] Error: Channel closing: too late to send/recv, messages will be lost


###!!! [Child][RunMessage] Error: Channel closing: too late to send/recv, messages will be lost


###!!! [Child][RunMessage] Error: Channel closing: too late to send/recv, messages will be lost


###!!! [Child][RunMessage] Error: Channel closing: too late to send/recv, messages will be lost


###!!! [Child][RunMessage] Error: Channel closing: too late to send/recv, messages will be lost


###!!! [Child][RunMessage] Error: Channel closing: too late to send/recv, messages will be lost


###!!! [Child][RunMessage] Error: Channel closing: too late to send/recv, messages will be lost


###!!! [Child][RunMessage] Error: Channel closing: too late to send/recv, messages will be lost


###!!! [Child][RunMessage] Error: Channel closing: too late to send/recv, messages will be lost


###!!! [Child][RunMessage] Error: Channel closing: too late to send/recv, messages will be lost


###!!! [Child][RunMessage] Error: Channel closing: too late to send/recv, messages will be lost


###!!! [Child][RunMessage] Error: Channel closing: too late to send/recv, messages will be lost


###!!! [Child][RunMessage] Error: Channel closing: too late to send/recv, messages will be lost


###!!! [Child][RunMessage] Error: Channel closing: too late to send/recv, messages will be lost


###!!! [Child][RunMessage] Error: Channel closing: too late to send/recv, messages will be lost


###!!! [Child][RunMessage] Error: Channel closing: too late to send/recv, messages will be lost


###!!! [Child][RunMessage] Error: Channel closing: too late to send/recv, messages will be lost


###!!! [Child][RunMessage] Error: Channel closing: too late to send/recv, messages will be lost


###!!! [Child][RunMessage] Error: Channel closing: too late to send/recv, messages will be lost


###!!! [Child][RunMessage] Error: Channel closing: too late to send/recv, messages will be lost


###!!! [Child][RunMessage] Error: Channel closing: too late to send/recv, messages will be lost


###!!! [Child][RunMessage] Error: Channel closing: too late to send/recv, messages will be lost

*** UTM:SVC TimerManager:registerTimer called after profile-before-change notification. Ignoring timer registration for id: telemetry_modules_ping
1563346896020	mozrunner::runner	INFO	Running command: "/usr/bin/firefox" "-marionette" "-foreground" "-no-remote" "-profile" "/tmp/rust_mozprofile.fp9Fy8ix1iRU"
1563346897271	Marionette	INFO	Listening on port 40767
1563346897339	Marionette	WARN	TLS certificate errors will be ignored for this session
1563346930503	mozrunner::runner	INFO	Running command: "/usr/bin/firefox" "-marionette" "-foreground" "-no-remote" "-profile" "/tmp/rust_mozprofile.sHQUt95RZYC2"
1563346931726	Marionette	INFO	Listening on port 33963
1563346931809	Marionette	WARN	TLS certificate errors will be ignored for this session
*** UTM:SVC TimerManager:registerTimer called after profile-before-change notification. Ignoring timer registration for id: telemetry_modules_ping
1563346985227	mozrunner::runner	INFO	Running command: "/usr/bin/firefox" "-marionette" "-foreground" "-no-remote" "-profile" "/tmp/rust_mozprofile.fUS9xpvVcj99"
1563346986437	Marionette	INFO	Listening on port 39545
1563346986531	Marionette	WARN	TLS certificate errors will be ignored for this session
*** UTM:SVC TimerManager:registerTimer called after profile-before-change notification. Ignoring timer registration for id: telemetry_modules_ping
1563347078511	mozrunner::runner	INFO	Running command: "/usr/bin/firefox" "-marionette" "-foreground" "-no-remote" "-profile" "/tmp/rust_mozprofile.Wo4vZPwfVJ07"
1563347079729	Marionette	INFO	Listening on port 43955
1563347079816	Marionette	WARN	TLS certificate errors will be ignored for this session
1563347115943	mozrunner::runner	INFO	Running command: "/usr/bin/firefox" "-marionette" "-foreground" "-no-remote" "-profile" "/tmp/rust_mozprofile.oiuvzcFVrmml"
1563347117134	Marionette	INFO	Listening on port 43751
1563347117154	Marionette	WARN	TLS certificate errors will be ignored for this session
*** UTM:SVC TimerManager:registerTimer called after profile-before-change notification. Ignoring timer registration for id: telemetry_modules_ping
1563347169229	mozrunner::runner	INFO	Running command: "/usr/bin/firefox" "-marionette" "-foreground" "-no-remote" "-profile" "/tmp/rust_mozprofile.HivhfKw3508A"
1563347170412	Marionette	INFO	Listening on port 40283
1563347170444	Marionette	WARN	TLS certificate errors will be ignored for this session
*** UTM:SVC TimerManager:registerTimer called after profile-before-change notification. Ignoring timer registration for id: telemetry_modules_ping
1563347184134	mozrunner::runner	INFO	Running command: "/usr/bin/firefox" "-marionette" "-foreground" "-no-remote" "-profile" "/tmp/rust_mozprofile.ouRfCJ8JLpNM"
1563347185295	Marionette	INFO	Listening on port 41891
1563347185339	Marionette	WARN	TLS certificate errors will be ignored for this session
*** UTM:SVC TimerManager:registerTimer called after profile-before-change notification. Ignoring timer registration for id: telemetry_modules_ping
1563347206150	mozrunner::runner	INFO	Running command: "/usr/bin/firefox" "-marionette" "-foreground" "-no-remote" "-profile" "/tmp/rust_mozprofile.puu4eSVjPCX9"
1563347207311	Marionette	INFO	Listening on port 35901
1563347207357	Marionette	WARN	TLS certificate errors will be ignored for this session
1563347215634	mozrunner::runner	INFO	Running command: "/usr/bin/firefox" "-marionette" "-foreground" "-no-remote" "-profile" "/tmp/rust_mozprofile.w0IDnyBXMQ40"
1563347216879	Marionette	INFO	Listening on port 33193
1563347216941	Marionette	WARN	TLS certificate errors will be ignored for this session
*** UTM:SVC TimerManager:registerTimer called after profile-before-change notification. Ignoring timer registration for id: telemetry_modules_ping
*** UTM:SVC TimerManager:registerTimer called after profile-before-change notification. Ignoring timer registration for id: telemetry_modules_ping
1563347588934	mozrunner::runner	INFO	Running command: "/usr/bin/firefox" "-marionette" "-foreground" "-no-remote" "-profile" "/tmp/rust_mozprofile.d0iRt0macNHd"
1563347590138	Marionette	INFO	Listening on port 40837
1563347590239	Marionette	WARN	TLS certificate errors will be ignored for this session
*** UTM:SVC TimerManager:registerTimer called after profile-before-change notification. Ignoring timer registration for id: telemetry_modules_ping
1563347630821	mozrunner::runner	INFO	Running command: "/usr/bin/firefox" "-marionette" "-foreground" "-no-remote" "-profile" "/tmp/rust_mozprofile.uXYjPPgfglc3"
1563347631972	Marionette	INFO	Listening on port 43945
1563347632033	Marionette	WARN	TLS certificate errors will be ignored for this session
1563347651672	mozrunner::runner	INFO	Running command: "/usr/bin/firefox" "-marionette" "-foreground" "-no-remote" "-profile" "/tmp/rust_mozprofile.LVJJjm7Wknwe"
1563347652845	Marionette	INFO	Listening on port 43695
1563347652893	Marionette	WARN	TLS certificate errors will be ignored for this session
*** UTM:SVC TimerManager:registerTimer called after profile-before-change notification. Ignoring timer registration for id: telemetry_modules_ping
JavaScript error: javascript:getTabList(2,"legal",""), line 1: ReferenceError: getTabList is not defined
JavaScript error: javascript:getTabList(3,"legal",""), line 1: ReferenceError: getTabList is not defined
1563347732081	mozrunner::runner	INFO	Running command: "/usr/bin/firefox" "-marionette" "-foreground" "-no-remote" "-profile" "/tmp/rust_mozprofile.qQoIwQjYyvnu"
1563347733261	Marionette	INFO	Listening on port 42303
1563347733287	Marionette	WARN	TLS certificate errors will be ignored for this session
*** UTM:SVC TimerManager:registerTimer called after profile-before-change notification. Ignoring timer registration for id: telemetry_modules_ping
1563347766042	mozrunner::runner	INFO	Running command: "/usr/bin/firefox" "-marionette" "-foreground" "-no-remote" "-profile" "/tmp/rust_mozprofile.cRbHXwEGjAJ6"
1563347767222	Marionette	INFO	Listening on port 40009
1563347767254	Marionette	WARN	TLS certificate errors will be ignored for this session
*** UTM:SVC TimerManager:registerTimer called after profile-before-change notification. Ignoring timer registration for id: telemetry_modules_ping
1563348608197	mozrunner::runner	INFO	Running command: "/usr/bin/firefox" "-marionette" "-foreground" "-no-remote" "-profile" "/tmp/rust_mozprofile.1eSAL9iFSmAP"
1563348609378	Marionette	INFO	Listening on port 39151
1563348609411	Marionette	WARN	TLS certificate errors will be ignored for this session
*** UTM:SVC TimerManager:registerTimer called after profile-before-change notification. Ignoring timer registration for id: telemetry_modules_ping
1563348621877	mozrunner::runner	INFO	Running command: "/usr/bin/firefox" "-marionette" "-foreground" "-no-remote" "-profile" "/tmp/rust_mozprofile.z1x77GbnaA3w"
1563348624335	Marionette	INFO	Listening on port 36747
1563348624394	Marionette	WARN	TLS certificate errors will be ignored for this session
JavaScript warning: https://www.qichacha.com/material/theme/chacha/cms/v2/js/jquery.min.js, line 1: Using //@ to indicate sourceMappingURL pragmas is deprecated. Use //# instead
JavaScript warning: https://www.qichacha.com/material/theme/chacha/cms/v2/js/jquery.min.js, line 1: Using //@ to indicate sourceMappingURL pragmas is deprecated. Use //# instead
JavaScript warning: https://www.qichacha.com/material/theme/chacha/cms/v2/js/jquery.min.js, line 1: Using //@ to indicate sourceMappingURL pragmas is deprecated. Use //# instead
JavaScript warning: https://www.qichacha.com/material/theme/chacha/cms/v2/js/jquery.min.js, line 1: Using //@ to indicate sourceMappingURL pragmas is deprecated. Use //# instead
JavaScript warning: https://www.qichacha.com/material/theme/chacha/cms/v2/js/jquery.min.js, line 1: Using //@ to indicate sourceMappingURL pragmas is deprecated. Use //# instead
JavaScript warning: https://www.qichacha.com/material/plugins/tupu/tupu-person.js?time=1563348654, line 1188: unreachable code after return statement
JavaScript warning: https://www.qichacha.com/material/plugins/tupu/tupu-person.js?time=1563348654, line 1188: unreachable code after return statement
[Child 19307, Chrome_ChildThread] WARNING: pipe error (3): Connection reset by peer: file /build/firefox-lojCEZ/firefox-60.0.1+build2/ipc/chromium/src/chrome/common/ipc_channel_posix.cc, line 353
1563348707607	mozrunner::runner	INFO	Running command: "/usr/bin/firefox" "-marionette" "-foreground" "-no-remote" "-profile" "/tmp/rust_mozprofile.clcuuEBLxKIT"
1563348708753	Marionette	INFO	Listening on port 40483
1563348708817	Marionette	WARN	TLS certificate errors will be ignored for this session
JavaScript warning: https://www.qichacha.com/material/theme/chacha/cms/v2/js/jquery.min.js, line 1: Using //@ to indicate sourceMappingURL pragmas is deprecated. Use //# instead
JavaScript warning: https://www.qichacha.com/material/theme/chacha/cms/v2/js/jquery.min.js, line 1: Using //@ to indicate sourceMappingURL pragmas is deprecated. Use //# instead
JavaScript warning: https://www.qichacha.com/material/theme/chacha/cms/v2/js/jquery.min.js, line 1: Using //@ to indicate sourceMappingURL pragmas is deprecated. Use //# instead
JavaScript warning: https://www.qichacha.com/material/theme/chacha/cms/v2/js/jquery.min.js, line 1: Using //@ to indicate sourceMappingURL pragmas is deprecated. Use //# instead
JavaScript warning: https://www.qichacha.com/material/theme/chacha/cms/v2/js/jquery.min.js, line 1: Using //@ to indicate sourceMappingURL pragmas is deprecated. Use //# instead
JavaScript warning: https://www.qichacha.com/material/theme/chacha/cms/v2/js/jquery.min.js, line 1: Using //@ to indicate sourceMappingURL pragmas is deprecated. Use //# instead
JavaScript warning: https://www.qichacha.com/material/plugins/tupu/tupu-person.js?time=1563348733, line 1188: unreachable code after return statement
JavaScript warning: https://www.qichacha.com/material/plugins/tupu/tupu-person.js?time=1563348733, line 1188: unreachable code after return statement
